2025-07-04T22:58:17.799+07:00  INFO 18692 --- [Day6_Secutity] [restartedMain] c.d.d.Day6SercutityApplication           : Starting Day6SercutityApplication using Java 17.0.14 with PID 18692 (D:\DTN 2503\Spring FW\Workspace\Day6_Security\target\classes started by nhatt in D:\DTN 2503\Spring FW\Workspace\Day6_Security)
2025-07-04T22:58:17.802+07:00  INFO 18692 --- [Day6_Secutity] [restartedMain] c.d.d.Day6SercutityApplication           : The following 1 profile is active: "dev"
2025-07-04T22:58:17.833+07:00  INFO 18692 --- [Day6_Secutity] [restartedMain] .e.DevToolsPropertyDefaultsPostProcessor : Devtools property defaults active! Set 'spring.devtools.add-properties' to 'false' to disable
2025-07-04T22:58:17.833+07:00  INFO 18692 --- [Day6_Secutity] [restartedMain] .e.DevToolsPropertyDefaultsPostProcessor : For additional web related logging consider setting the 'logging.level.web' property to 'DEBUG'
2025-07-04T22:58:18.256+07:00  INFO 18692 --- [Day6_Secutity] [restartedMain] .s.d.r.c.RepositoryConfigurationDelegate : Bootstrapping Spring Data JPA repositories in DEFAULT mode.
2025-07-04T22:58:18.292+07:00  INFO 18692 --- [Day6_Secutity] [restartedMain] .s.d.r.c.RepositoryConfigurationDelegate : Finished Spring Data repository scanning in 29 ms. Found 2 JPA repository interfaces.
2025-07-04T22:58:18.632+07:00  INFO 18692 --- [Day6_Secutity] [restartedMain] o.s.b.w.embedded.tomcat.TomcatWebServer  : Tomcat initialized with port 8080 (http)
2025-07-04T22:58:18.640+07:00  INFO 18692 --- [Day6_Secutity] [restartedMain] o.apache.catalina.core.StandardService   : Starting service [Tomcat]
2025-07-04T22:58:18.640+07:00  INFO 18692 --- [Day6_Secutity] [restartedMain] o.apache.catalina.core.StandardEngine    : Starting Servlet engine: [Apache Tomcat/10.1.42]
2025-07-04T22:58:18.671+07:00  INFO 18692 --- [Day6_Secutity] [restartedMain] o.a.c.c.C.[Tomcat].[localhost].[/]       : Initializing Spring embedded WebApplicationContext
2025-07-04T22:58:18.672+07:00  INFO 18692 --- [Day6_Secutity] [restartedMain] w.s.c.ServletWebServerApplicationContext : Root WebApplicationContext: initialization completed in 838 ms
2025-07-04T22:58:18.794+07:00  INFO 18692 --- [Day6_Secutity] [restartedMain] o.hibernate.jpa.internal.util.LogHelper  : HHH000204: Processing PersistenceUnitInfo [name: default]
2025-07-04T22:58:18.821+07:00  INFO 18692 --- [Day6_Secutity] [restartedMain] org.hibernate.Version                    : HHH000412: Hibernate ORM core version 6.6.18.Final
2025-07-04T22:58:18.841+07:00  INFO 18692 --- [Day6_Secutity] [restartedMain] o.h.c.internal.RegionFactoryInitiator    : HHH000026: Second-level cache disabled
2025-07-04T22:58:19.011+07:00  INFO 18692 --- [Day6_Secutity] [restartedMain] o.s.o.j.p.SpringPersistenceUnitInfo      : No LoadTimeWeaver setup: ignoring JPA class transformer
2025-07-04T22:58:19.029+07:00  INFO 18692 --- [Day6_Secutity] [restartedMain] com.zaxxer.hikari.HikariDataSource       : HikariPool-1 - Starting...
2025-07-04T22:58:19.248+07:00  INFO 18692 --- [Day6_Secutity] [restartedMain] com.zaxxer.hikari.pool.HikariPool        : HikariPool-1 - Added connection com.mysql.cj.jdbc.ConnectionImpl@34160d02
2025-07-04T22:58:19.251+07:00  INFO 18692 --- [Day6_Secutity] [restartedMain] com.zaxxer.hikari.HikariDataSource       : HikariPool-1 - Start completed.
2025-07-04T22:58:19.386+07:00  INFO 18692 --- [Day6_Secutity] [restartedMain] org.hibernate.orm.connections.pooling    : HHH10001005: Database info:
	Database JDBC URL [Connecting through datasource 'HikariDataSource (HikariPool-1)']
	Database driver: undefined/unknown
	Database version: 8.0.40
	Autocommit mode: undefined/unknown
	Isolation level: undefined/unknown
	Minimum pool size: undefined/unknown
	Maximum pool size: undefined/unknown
2025-07-04T22:58:20.088+07:00  INFO 18692 --- [Day6_Secutity] [restartedMain] o.h.e.t.j.p.i.JtaPlatformInitiator       : HHH000489: No JTA platform available (set 'hibernate.transaction.jta.platform' to enable JTA platform integration)
2025-07-04T22:58:20.201+07:00  INFO 18692 --- [Day6_Secutity] [restartedMain] j.LocalContainerEntityManagerFactoryBean : Initialized JPA EntityManagerFactory for persistence unit 'default'
2025-07-04T22:58:20.447+07:00  WARN 18692 --- [Day6_Secutity] [restartedMain] JpaBaseConfiguration$JpaWebConfiguration : spring.jpa.open-in-view is enabled by default. Therefore, database queries may be performed during view rendering. Explicitly configure spring.jpa.open-in-view to disable this warning
2025-07-04T22:58:20.471+07:00  INFO 18692 --- [Day6_Secutity] [restartedMain] r$InitializeUserDetailsManagerConfigurer : Global AuthenticationManager configured with UserDetailsService bean with name accountService
2025-07-04T22:58:20.825+07:00  WARN 18692 --- [Day6_Secutity] [restartedMain] .c.a.w.b.WebSecurityFilterChainValidator : Usage of authorizeRequests is deprecated. Please use authorizeHttpRequests in the configuration
2025-07-04T22:58:20.826+07:00  WARN 18692 --- [Day6_Secutity] [restartedMain] .c.a.w.b.WebSecurityFilterChainValidator : Usage of authorizeRequests is deprecated. Please use authorizeHttpRequests in the configuration
2025-07-04T22:58:20.828+07:00  WARN 18692 --- [Day6_Secutity] [restartedMain] .c.a.w.b.WebSecurityFilterChainValidator : Usage of authorizeRequests is deprecated. Please use authorizeHttpRequests in the configuration
2025-07-04T22:58:20.829+07:00  WARN 18692 --- [Day6_Secutity] [restartedMain] .c.a.w.b.WebSecurityFilterChainValidator : Usage of authorizeRequests is deprecated. Please use authorizeHttpRequests in the configuration
2025-07-04T22:58:20.852+07:00  INFO 18692 --- [Day6_Secutity] [restartedMain] o.s.b.d.a.OptionalLiveReloadServer       : LiveReload server is running on port 35729
2025-07-04T22:58:20.882+07:00  INFO 18692 --- [Day6_Secutity] [restartedMain] o.s.b.w.embedded.tomcat.TomcatWebServer  : Tomcat started on port 8080 (http) with context path '/'
2025-07-04T22:58:20.889+07:00  INFO 18692 --- [Day6_Secutity] [restartedMain] c.d.d.Day6SercutityApplication           : Started Day6SercutityApplication in 3.474 seconds (process running for 4.092)
2025-07-04T22:58:23.043+07:00  INFO 18692 --- [Day6_Secutity] [SpringApplicationShutdownHook] o.s.b.w.e.tomcat.GracefulShutdown        : Commencing graceful shutdown. Waiting for active requests to complete
2025-07-04T22:58:23.089+07:00  INFO 18692 --- [Day6_Secutity] [tomcat-shutdown] o.s.b.w.e.tomcat.GracefulShutdown        : Graceful shutdown complete
2025-07-04T22:58:23.093+07:00  INFO 18692 --- [Day6_Secutity] [SpringApplicationShutdownHook] j.LocalContainerEntityManagerFactoryBean : Closing JPA EntityManagerFactory for persistence unit 'default'
2025-07-04T22:58:23.095+07:00  INFO 18692 --- [Day6_Secutity] [SpringApplicationShutdownHook] com.zaxxer.hikari.HikariDataSource       : HikariPool-1 - Shutdown initiated...
2025-07-04T22:58:23.100+07:00  INFO 18692 --- [Day6_Secutity] [SpringApplicationShutdownHook] com.zaxxer.hikari.HikariDataSource       : HikariPool-1 - Shutdown completed.
